<?xml version="1.0" encoding="UTF-8"?>
<testng-results skipped="0" failed="0" ignored="0" total="1" passed="1">
  <reporter-output>
  </reporter-output>
  <suite name="Default suite" duration-ms="103977" started-at="2021-04-11T17:19:42 IST" finished-at="2021-04-11T17:21:26 IST">
    <groups>
    </groups>
    <test name="Default test" duration-ms="103977" started-at="2021-04-11T17:19:42 IST" finished-at="2021-04-11T17:21:26 IST">
      <class name="com.automation.mobile.script.PageObjectTestCase">
        <test-method status="PASS" signature="setup()[pri:0, instance:com.automation.mobile.script.PageObjectTestCase@26aa12dd]" name="setup" is-config="true" duration-ms="19550" started-at="2021-04-11T17:19:42 IST" finished-at="2021-04-11T17:20:02 IST">
          <reporter-output>
          </reporter-output>
        </test-method> <!-- setup -->
        <test-method status="PASS" signature="pageObjectTestCase()[pri:0, instance:com.automation.mobile.script.PageObjectTestCase@26aa12dd]" name="pageObjectTestCase" duration-ms="83386" started-at="2021-04-11T17:20:02 IST" finished-at="2021-04-11T17:21:25 IST">
          <reporter-output>
          </reporter-output>
        </test-method> <!-- pageObjectTestCase -->
        <test-method status="PASS" signature="tearDown()[pri:0, instance:com.automation.mobile.script.PageObjectTestCase@26aa12dd]" name="tearDown" is-config="true" duration-ms="1007" started-at="2021-04-11T17:21:25 IST" finished-at="2021-04-11T17:21:26 IST">
          <reporter-output>
          </reporter-output>
        </test-method> <!-- tearDown -->
      </class> <!-- com.automation.mobile.script.PageObjectTestCase -->
    </test> <!-- Default test -->
  </suite> <!-- Default suite -->
</testng-results>
